<?xml version="1.0" encoding="UTF-8"?>
<testsuites>
  <testsuite name="" tests="92" assertions="155" errors="0" warnings="0" failures="0" skipped="0" time="0.288830">
    <testsuite name="Voyager Test Suite" tests="92" assertions="155" errors="0" warnings="0" failures="0" skipped="0" time="0.288830">
      <testsuite name="LaravelFormItem\Tests\Blade\TextTest" file="/home/tu6ge/php/laravel-form-item/tests/Blade/TextTest.php" tests="1" assertions="8" errors="0" warnings="0" failures="0" skipped="0" time="0.032577">
        <testcase name="testRender" class="LaravelFormItem\Tests\Blade\TextTest" classname="LaravelFormItem.Tests.Blade.TextTest" file="/home/tu6ge/php/laravel-form-item/tests/Blade/TextTest.php" line="9" assertions="8" time="0.032577"/>
      </testsuite>
      <testsuite name="LaravelFormItem\Tests\Traits\OptionTest" file="/home/tu6ge/php/laravel-form-item/tests/Traits/OptionTest.php" tests="22" assertions="37" errors="0" warnings="0" failures="0" skipped="0" time="0.040504">
        <testcase name="testFormatOptionsExceptionNull" class="LaravelFormItem\Tests\Traits\OptionTest" classname="LaravelFormItem.Tests.Traits.OptionTest" file="/home/tu6ge/php/laravel-form-item/tests/Traits/OptionTest.php" line="12" assertions="2" time="0.002098"/>
        <testcase name="testFormatOptionsExceptionAttr" class="LaravelFormItem\Tests\Traits\OptionTest" classname="LaravelFormItem.Tests.Traits.OptionTest" file="/home/tu6ge/php/laravel-form-item/tests/Traits/OptionTest.php" line="23" assertions="2" time="0.001881"/>
        <testcase name="testFormatOptionsExceptionAttr2" class="LaravelFormItem\Tests\Traits\OptionTest" classname="LaravelFormItem.Tests.Traits.OptionTest" file="/home/tu6ge/php/laravel-form-item/tests/Traits/OptionTest.php" line="44" assertions="2" time="0.001762"/>
        <testcase name="testFormatOptionsExceptionAttr3" class="LaravelFormItem\Tests\Traits\OptionTest" classname="LaravelFormItem.Tests.Traits.OptionTest" file="/home/tu6ge/php/laravel-form-item/tests/Traits/OptionTest.php" line="65" assertions="2" time="0.001827"/>
        <testcase name="testFormatOptionsResult" class="LaravelFormItem\Tests\Traits\OptionTest" classname="LaravelFormItem.Tests.Traits.OptionTest" file="/home/tu6ge/php/laravel-form-item/tests/Traits/OptionTest.php" line="85" assertions="1" time="0.002091"/>
        <testcase name="testConvertOptionsException" class="LaravelFormItem\Tests\Traits\OptionTest" classname="LaravelFormItem.Tests.Traits.OptionTest" file="/home/tu6ge/php/laravel-form-item/tests/Traits/OptionTest.php" line="107" assertions="2" time="0.001816"/>
        <testcase name="testConvertOptionsException2" class="LaravelFormItem\Tests\Traits\OptionTest" classname="LaravelFormItem.Tests.Traits.OptionTest" file="/home/tu6ge/php/laravel-form-item/tests/Traits/OptionTest.php" line="143" assertions="2" time="0.001721"/>
        <testcase name="testConvertOptions" class="LaravelFormItem\Tests\Traits\OptionTest" classname="LaravelFormItem.Tests.Traits.OptionTest" file="/home/tu6ge/php/laravel-form-item/tests/Traits/OptionTest.php" line="184" assertions="1" time="0.002051"/>
        <testcase name="testConvertOptions2" class="LaravelFormItem\Tests\Traits\OptionTest" classname="LaravelFormItem.Tests.Traits.OptionTest" file="/home/tu6ge/php/laravel-form-item/tests/Traits/OptionTest.php" line="247" assertions="1" time="0.001875"/>
        <testcase name="testFormateCascaderOptionsEmpty" class="LaravelFormItem\Tests\Traits\OptionTest" classname="LaravelFormItem.Tests.Traits.OptionTest" file="/home/tu6ge/php/laravel-form-item/tests/Traits/OptionTest.php" line="323" assertions="1" time="0.001823"/>
        <testcase name="testFormateCascaderOptionsException" class="LaravelFormItem\Tests\Traits\OptionTest" classname="LaravelFormItem.Tests.Traits.OptionTest" file="/home/tu6ge/php/laravel-form-item/tests/Traits/OptionTest.php" line="332" assertions="2" time="0.001770"/>
        <testcase name="testFormateCascaderOptionsException2" class="LaravelFormItem\Tests\Traits\OptionTest" classname="LaravelFormItem.Tests.Traits.OptionTest" file="/home/tu6ge/php/laravel-form-item/tests/Traits/OptionTest.php" line="350" assertions="2" time="0.001828"/>
        <testcase name="testFormateCascaderOptionsException3" class="LaravelFormItem\Tests\Traits\OptionTest" classname="LaravelFormItem.Tests.Traits.OptionTest" file="/home/tu6ge/php/laravel-form-item/tests/Traits/OptionTest.php" line="369" assertions="2" time="0.001712"/>
        <testcase name="testFormateCascaderOptionsException4" class="LaravelFormItem\Tests\Traits\OptionTest" classname="LaravelFormItem.Tests.Traits.OptionTest" file="/home/tu6ge/php/laravel-form-item/tests/Traits/OptionTest.php" line="392" assertions="2" time="0.001799"/>
        <testcase name="testFormateCascaderOptionsReturn" class="LaravelFormItem\Tests\Traits\OptionTest" classname="LaravelFormItem.Tests.Traits.OptionTest" file="/home/tu6ge/php/laravel-form-item/tests/Traits/OptionTest.php" line="415" assertions="1" time="0.001794"/>
        <testcase name="testFormateCascaderOptionsReturn2" class="LaravelFormItem\Tests\Traits\OptionTest" classname="LaravelFormItem.Tests.Traits.OptionTest" file="/home/tu6ge/php/laravel-form-item/tests/Traits/OptionTest.php" line="454" assertions="1" time="0.001857"/>
        <testcase name="testFormatSelectGroupOptionsCheckNull" class="LaravelFormItem\Tests\Traits\OptionTest" classname="LaravelFormItem.Tests.Traits.OptionTest" file="/home/tu6ge/php/laravel-form-item/tests/Traits/OptionTest.php" line="515" assertions="2" time="0.001835"/>
        <testcase name="testFormatSelectGroupOptionsCheckField" class="LaravelFormItem\Tests\Traits\OptionTest" classname="LaravelFormItem.Tests.Traits.OptionTest" file="/home/tu6ge/php/laravel-form-item/tests/Traits/OptionTest.php" line="528" assertions="2" time="0.001762"/>
        <testcase name="testFormatSelectGroupOptionsCheckField2" class="LaravelFormItem\Tests\Traits\OptionTest" classname="LaravelFormItem.Tests.Traits.OptionTest" file="/home/tu6ge/php/laravel-form-item/tests/Traits/OptionTest.php" line="545" assertions="2" time="0.001774"/>
        <testcase name="testFormatSelectGroupOptionsCheckField3" class="LaravelFormItem\Tests\Traits\OptionTest" classname="LaravelFormItem.Tests.Traits.OptionTest" file="/home/tu6ge/php/laravel-form-item/tests/Traits/OptionTest.php" line="564" assertions="2" time="0.001744"/>
        <testcase name="testFormatSelectGroupOptionsCheckField4" class="LaravelFormItem\Tests\Traits\OptionTest" classname="LaravelFormItem.Tests.Traits.OptionTest" file="/home/tu6ge/php/laravel-form-item/tests/Traits/OptionTest.php" line="583" assertions="2" time="0.001911"/>
        <testcase name="testFormatSelectGroupOptionsCheckField5" class="LaravelFormItem\Tests\Traits\OptionTest" classname="LaravelFormItem.Tests.Traits.OptionTest" file="/home/tu6ge/php/laravel-form-item/tests/Traits/OptionTest.php" line="603" assertions="1" time="0.001772"/>
      </testsuite>
      <testsuite name="LaravelFormItem\Tests\View\Components\CascaderTest" file="/home/tu6ge/php/laravel-form-item/tests/View/Components/CascaderTest.php" tests="9" assertions="16" errors="0" warnings="0" failures="0" skipped="0" time="0.034735">
        <testcase name="testConstructOptionException" class="LaravelFormItem\Tests\View\Components\CascaderTest" classname="LaravelFormItem.Tests.View.Components.CascaderTest" file="/home/tu6ge/php/laravel-form-item/tests/View/Components/CascaderTest.php" line="17" assertions="1" time="0.005252"/>
        <testcase name="testConstructName" class="LaravelFormItem\Tests\View\Components\CascaderTest" classname="LaravelFormItem.Tests.View.Components.CascaderTest" file="/home/tu6ge/php/laravel-form-item/tests/View/Components/CascaderTest.php" line="31" assertions="6" time="0.002473"/>
        <testcase name="testConstructId" class="LaravelFormItem\Tests\View\Components\CascaderTest" classname="LaravelFormItem.Tests.View.Components.CascaderTest" file="/home/tu6ge/php/laravel-form-item/tests/View/Components/CascaderTest.php" line="66" assertions="1" time="0.001999"/>
        <testcase name="testCheckResource" class="LaravelFormItem\Tests\View\Components\CascaderTest" classname="LaravelFormItem.Tests.View.Components.CascaderTest" file="/home/tu6ge/php/laravel-form-item/tests/View/Components/CascaderTest.php" line="96" assertions="2" time="0.015290"/>
        <testcase name="testRender" class="LaravelFormItem\Tests\View\Components\CascaderTest" classname="LaravelFormItem.Tests.View.Components.CascaderTest" file="/home/tu6ge/php/laravel-form-item/tests/View/Components/CascaderTest.php" line="125" assertions="1" time="0.002202"/>
        <testcase name="testResource" class="LaravelFormItem\Tests\View\Components\CascaderTest" classname="LaravelFormItem.Tests.View.Components.CascaderTest" file="/home/tu6ge/php/laravel-form-item/tests/View/Components/CascaderTest.php" line="136" assertions="1" time="0.002004"/>
        <testcase name="testTrigger" class="LaravelFormItem\Tests\View\Components\CascaderTest" classname="LaravelFormItem.Tests.View.Components.CascaderTest" file="/home/tu6ge/php/laravel-form-item/tests/View/Components/CascaderTest.php" line="166" assertions="2" time="0.001817"/>
        <testcase name="testClearable" class="LaravelFormItem\Tests\View\Components\CascaderTest" classname="LaravelFormItem.Tests.View.Components.CascaderTest" file="/home/tu6ge/php/laravel-form-item/tests/View/Components/CascaderTest.php" line="198" assertions="1" time="0.001868"/>
        <testcase name="testElProp" class="LaravelFormItem\Tests\View\Components\CascaderTest" classname="LaravelFormItem.Tests.View.Components.CascaderTest" file="/home/tu6ge/php/laravel-form-item/tests/View/Components/CascaderTest.php" line="230" assertions="1" time="0.001829"/>
      </testsuite>
      <testsuite name="LaravelFormItem\Tests\View\Components\CheckboxButtonTest" file="/home/tu6ge/php/laravel-form-item/tests/View/Components/CheckboxButtonTest.php" tests="1" assertions="1" errors="0" warnings="0" failures="0" skipped="0" time="0.003379">
        <testcase name="testRender" class="LaravelFormItem\Tests\View\Components\CheckboxButtonTest" classname="LaravelFormItem.Tests.View.Components.CheckboxButtonTest" file="/home/tu6ge/php/laravel-form-item/tests/View/Components/CheckboxButtonTest.php" line="10" assertions="1" time="0.003379"/>
      </testsuite>
      <testsuite name="LaravelFormItem\Tests\View\Components\CheckboxTest" file="/home/tu6ge/php/laravel-form-item/tests/View/Components/CheckboxTest.php" tests="5" assertions="8" errors="0" warnings="0" failures="0" skipped="0" time="0.013626">
        <testcase name="testNameOption" class="LaravelFormItem\Tests\View\Components\CheckboxTest" classname="LaravelFormItem.Tests.View.Components.CheckboxTest" file="/home/tu6ge/php/laravel-form-item/tests/View/Components/CheckboxTest.php" line="17" assertions="4" time="0.003272"/>
        <testcase name="testValue" class="LaravelFormItem\Tests\View\Components\CheckboxTest" classname="LaravelFormItem.Tests.View.Components.CheckboxTest" file="/home/tu6ge/php/laravel-form-item/tests/View/Components/CheckboxTest.php" line="42" assertions="1" time="0.004838"/>
        <testcase name="testId" class="LaravelFormItem\Tests\View\Components\CheckboxTest" classname="LaravelFormItem.Tests.View.Components.CheckboxTest" file="/home/tu6ge/php/laravel-form-item/tests/View/Components/CheckboxTest.php" line="62" assertions="1" time="0.001831"/>
        <testcase name="testAppendElProp" class="LaravelFormItem\Tests\View\Components\CheckboxTest" classname="LaravelFormItem.Tests.View.Components.CheckboxTest" file="/home/tu6ge/php/laravel-form-item/tests/View/Components/CheckboxTest.php" line="86" assertions="1" time="0.001808"/>
        <testcase name="testRender" class="LaravelFormItem\Tests\View\Components\CheckboxTest" classname="LaravelFormItem.Tests.View.Components.CheckboxTest" file="/home/tu6ge/php/laravel-form-item/tests/View/Components/CheckboxTest.php" line="111" assertions="1" time="0.001876"/>
      </testsuite>
      <testsuite name="LaravelFormItem\Tests\View\Components\DatePickerTest" file="/home/tu6ge/php/laravel-form-item/tests/View/Components/DatePickerTest.php" tests="6" assertions="10" errors="0" warnings="0" failures="0" skipped="0" time="0.012625">
        <testcase name="testName" class="LaravelFormItem\Tests\View\Components\DatePickerTest" classname="LaravelFormItem.Tests.View.Components.DatePickerTest" file="/home/tu6ge/php/laravel-form-item/tests/View/Components/DatePickerTest.php" line="17" assertions="5" time="0.003229"/>
        <testcase name="testValue" class="LaravelFormItem\Tests\View\Components\DatePickerTest" classname="LaravelFormItem.Tests.View.Components.DatePickerTest" file="/home/tu6ge/php/laravel-form-item/tests/View/Components/DatePickerTest.php" line="38" assertions="1" time="0.002044"/>
        <testcase name="testId" class="LaravelFormItem\Tests\View\Components\DatePickerTest" classname="LaravelFormItem.Tests.View.Components.DatePickerTest" file="/home/tu6ge/php/laravel-form-item/tests/View/Components/DatePickerTest.php" line="56" assertions="1" time="0.001850"/>
        <testcase name="testType" class="LaravelFormItem\Tests\View\Components\DatePickerTest" classname="LaravelFormItem.Tests.View.Components.DatePickerTest" file="/home/tu6ge/php/laravel-form-item/tests/View/Components/DatePickerTest.php" line="75" assertions="1" time="0.001812"/>
        <testcase name="testElPorp" class="LaravelFormItem\Tests\View\Components\DatePickerTest" classname="LaravelFormItem.Tests.View.Components.DatePickerTest" file="/home/tu6ge/php/laravel-form-item/tests/View/Components/DatePickerTest.php" line="95" assertions="1" time="0.001817"/>
        <testcase name="testRender" class="LaravelFormItem\Tests\View\Components\DatePickerTest" classname="LaravelFormItem.Tests.View.Components.DatePickerTest" file="/home/tu6ge/php/laravel-form-item/tests/View/Components/DatePickerTest.php" line="116" assertions="1" time="0.001873"/>
      </testsuite>
      <testsuite name="LaravelFormItem\Tests\View\Components\InputAbstractTest" file="/home/tu6ge/php/laravel-form-item/tests/View/Components/InputAbstractTest.php" tests="10" assertions="18" errors="0" warnings="0" failures="0" skipped="0" time="0.055277">
        <testcase name="testConstructName" class="LaravelFormItem\Tests\View\Components\InputAbstractTest" classname="LaravelFormItem.Tests.View.Components.InputAbstractTest" file="/home/tu6ge/php/laravel-form-item/tests/View/Components/InputAbstractTest.php" line="10" assertions="5" time="0.004993"/>
        <testcase name="testConstructValue" class="LaravelFormItem\Tests\View\Components\InputAbstractTest" classname="LaravelFormItem.Tests.View.Components.InputAbstractTest" file="/home/tu6ge/php/laravel-form-item/tests/View/Components/InputAbstractTest.php" line="21" assertions="1" time="0.005012"/>
        <testcase name="testConstructId" class="LaravelFormItem\Tests\View\Components\InputAbstractTest" classname="LaravelFormItem.Tests.View.Components.InputAbstractTest" file="/home/tu6ge/php/laravel-form-item/tests/View/Components/InputAbstractTest.php" line="28" assertions="1" time="0.002016"/>
        <testcase name="testConstructId2" class="LaravelFormItem\Tests\View\Components\InputAbstractTest" classname="LaravelFormItem.Tests.View.Components.InputAbstractTest" file="/home/tu6ge/php/laravel-form-item/tests/View/Components/InputAbstractTest.php" line="35" assertions="3" time="0.007733"/>
        <testcase name="testConstructType" class="LaravelFormItem\Tests\View\Components\InputAbstractTest" classname="LaravelFormItem.Tests.View.Components.InputAbstractTest" file="/home/tu6ge/php/laravel-form-item/tests/View/Components/InputAbstractTest.php" line="45" assertions="1" time="0.005262"/>
        <testcase name="testConstructPlaceholder" class="LaravelFormItem\Tests\View\Components\InputAbstractTest" classname="LaravelFormItem.Tests.View.Components.InputAbstractTest" file="/home/tu6ge/php/laravel-form-item/tests/View/Components/InputAbstractTest.php" line="52" assertions="1" time="0.004956"/>
        <testcase name="testConstructAppendElProp" class="LaravelFormItem\Tests\View\Components\InputAbstractTest" classname="LaravelFormItem.Tests.View.Components.InputAbstractTest" file="/home/tu6ge/php/laravel-form-item/tests/View/Components/InputAbstractTest.php" line="59" assertions="1" time="0.004814"/>
        <testcase name="testDefaultId" class="LaravelFormItem\Tests\View\Components\InputAbstractTest" classname="LaravelFormItem.Tests.View.Components.InputAbstractTest" file="/home/tu6ge/php/laravel-form-item/tests/View/Components/InputAbstractTest.php" line="66" assertions="2" time="0.010486"/>
        <testcase name="testAddElProp" class="LaravelFormItem\Tests\View\Components\InputAbstractTest" classname="LaravelFormItem.Tests.View.Components.InputAbstractTest" file="/home/tu6ge/php/laravel-form-item/tests/View/Components/InputAbstractTest.php" line="77" assertions="2" time="0.004748"/>
        <testcase name="testRender" class="LaravelFormItem\Tests\View\Components\InputAbstractTest" classname="LaravelFormItem.Tests.View.Components.InputAbstractTest" file="/home/tu6ge/php/laravel-form-item/tests/View/Components/InputAbstractTest.php" line="88" assertions="1" time="0.005257"/>
      </testsuite>
      <testsuite name="LaravelFormItem\Tests\View\Components\NumberTest" file="/home/tu6ge/php/laravel-form-item/tests/View/Components/NumberTest.php" tests="1" assertions="1" errors="0" warnings="0" failures="0" skipped="0" time="0.003067">
        <testcase name="testRender" class="LaravelFormItem\Tests\View\Components\NumberTest" classname="LaravelFormItem.Tests.View.Components.NumberTest" file="/home/tu6ge/php/laravel-form-item/tests/View/Components/NumberTest.php" line="10" assertions="1" time="0.003067"/>
      </testsuite>
      <testsuite name="LaravelFormItem\Tests\View\Components\RadioButtonTest" file="/home/tu6ge/php/laravel-form-item/tests/View/Components/RadioButtonTest.php" tests="6" assertions="9" errors="0" warnings="0" failures="0" skipped="0" time="0.015761">
        <testcase name="testNameOption" class="LaravelFormItem\Tests\View\Components\RadioButtonTest" classname="LaravelFormItem.Tests.View.Components.RadioButtonTest" file="/home/tu6ge/php/laravel-form-item/tests/View/Components/RadioButtonTest.php" line="17" assertions="4" time="0.003063"/>
        <testcase name="testValue" class="LaravelFormItem\Tests\View\Components\RadioButtonTest" classname="LaravelFormItem.Tests.View.Components.RadioButtonTest" file="/home/tu6ge/php/laravel-form-item/tests/View/Components/RadioButtonTest.php" line="42" assertions="1" time="0.004745"/>
        <testcase name="testId" class="LaravelFormItem\Tests\View\Components\RadioButtonTest" classname="LaravelFormItem.Tests.View.Components.RadioButtonTest" file="/home/tu6ge/php/laravel-form-item/tests/View/Components/RadioButtonTest.php" line="62" assertions="1" time="0.001973"/>
        <testcase name="testSize" class="LaravelFormItem\Tests\View\Components\RadioButtonTest" classname="LaravelFormItem.Tests.View.Components.RadioButtonTest" file="/home/tu6ge/php/laravel-form-item/tests/View/Components/RadioButtonTest.php" line="86" assertions="1" time="0.002041"/>
        <testcase name="testAppendElProp" class="LaravelFormItem\Tests\View\Components\RadioButtonTest" classname="LaravelFormItem.Tests.View.Components.RadioButtonTest" file="/home/tu6ge/php/laravel-form-item/tests/View/Components/RadioButtonTest.php" line="111" assertions="1" time="0.001941"/>
        <testcase name="testRender" class="LaravelFormItem\Tests\View\Components\RadioButtonTest" classname="LaravelFormItem.Tests.View.Components.RadioButtonTest" file="/home/tu6ge/php/laravel-form-item/tests/View/Components/RadioButtonTest.php" line="137" assertions="1" time="0.001998"/>
      </testsuite>
      <testsuite name="LaravelFormItem\Tests\View\Components\RadioTest" file="/home/tu6ge/php/laravel-form-item/tests/View/Components/RadioTest.php" tests="5" assertions="8" errors="0" warnings="0" failures="0" skipped="0" time="0.013677">
        <testcase name="testNameOption" class="LaravelFormItem\Tests\View\Components\RadioTest" classname="LaravelFormItem.Tests.View.Components.RadioTest" file="/home/tu6ge/php/laravel-form-item/tests/View/Components/RadioTest.php" line="17" assertions="4" time="0.002981"/>
        <testcase name="testValue" class="LaravelFormItem\Tests\View\Components\RadioTest" classname="LaravelFormItem.Tests.View.Components.RadioTest" file="/home/tu6ge/php/laravel-form-item/tests/View/Components/RadioTest.php" line="42" assertions="1" time="0.004794"/>
        <testcase name="testId" class="LaravelFormItem\Tests\View\Components\RadioTest" classname="LaravelFormItem.Tests.View.Components.RadioTest" file="/home/tu6ge/php/laravel-form-item/tests/View/Components/RadioTest.php" line="62" assertions="1" time="0.001853"/>
        <testcase name="testAppendElProp" class="LaravelFormItem\Tests\View\Components\RadioTest" classname="LaravelFormItem.Tests.View.Components.RadioTest" file="/home/tu6ge/php/laravel-form-item/tests/View/Components/RadioTest.php" line="86" assertions="1" time="0.001929"/>
        <testcase name="testRender" class="LaravelFormItem\Tests\View\Components\RadioTest" classname="LaravelFormItem.Tests.View.Components.RadioTest" file="/home/tu6ge/php/laravel-form-item/tests/View/Components/RadioTest.php" line="111" assertions="1" time="0.002121"/>
      </testsuite>
      <testsuite name="LaravelFormItem\Tests\View\Components\SelectGroupTest" file="/home/tu6ge/php/laravel-form-item/tests/View/Components/SelectGroupTest.php" tests="5" assertions="8" errors="0" warnings="0" failures="0" skipped="0" time="0.013624">
        <testcase name="testNameOption" class="LaravelFormItem\Tests\View\Components\SelectGroupTest" classname="LaravelFormItem.Tests.View.Components.SelectGroupTest" file="/home/tu6ge/php/laravel-form-item/tests/View/Components/SelectGroupTest.php" line="17" assertions="4" time="0.003197"/>
        <testcase name="testValue" class="LaravelFormItem\Tests\View\Components\SelectGroupTest" classname="LaravelFormItem.Tests.View.Components.SelectGroupTest" file="/home/tu6ge/php/laravel-form-item/tests/View/Components/SelectGroupTest.php" line="42" assertions="1" time="0.004866"/>
        <testcase name="testId" class="LaravelFormItem\Tests\View\Components\SelectGroupTest" classname="LaravelFormItem.Tests.View.Components.SelectGroupTest" file="/home/tu6ge/php/laravel-form-item/tests/View/Components/SelectGroupTest.php" line="62" assertions="1" time="0.001853"/>
        <testcase name="testAppendElProp" class="LaravelFormItem\Tests\View\Components\SelectGroupTest" classname="LaravelFormItem.Tests.View.Components.SelectGroupTest" file="/home/tu6ge/php/laravel-form-item/tests/View/Components/SelectGroupTest.php" line="86" assertions="1" time="0.001818"/>
        <testcase name="testRender" class="LaravelFormItem\Tests\View\Components\SelectGroupTest" classname="LaravelFormItem.Tests.View.Components.SelectGroupTest" file="/home/tu6ge/php/laravel-form-item/tests/View/Components/SelectGroupTest.php" line="111" assertions="1" time="0.001889"/>
      </testsuite>
      <testsuite name="LaravelFormItem\Tests\View\Components\SelectTest" file="/home/tu6ge/php/laravel-form-item/tests/View/Components/SelectTest.php" tests="5" assertions="8" errors="0" warnings="0" failures="0" skipped="0" time="0.014026">
        <testcase name="testNameOption" class="LaravelFormItem\Tests\View\Components\SelectTest" classname="LaravelFormItem.Tests.View.Components.SelectTest" file="/home/tu6ge/php/laravel-form-item/tests/View/Components/SelectTest.php" line="17" assertions="4" time="0.003312"/>
        <testcase name="testValue" class="LaravelFormItem\Tests\View\Components\SelectTest" classname="LaravelFormItem.Tests.View.Components.SelectTest" file="/home/tu6ge/php/laravel-form-item/tests/View/Components/SelectTest.php" line="42" assertions="1" time="0.005071"/>
        <testcase name="testId" class="LaravelFormItem\Tests\View\Components\SelectTest" classname="LaravelFormItem.Tests.View.Components.SelectTest" file="/home/tu6ge/php/laravel-form-item/tests/View/Components/SelectTest.php" line="62" assertions="1" time="0.001909"/>
        <testcase name="testAppendElProp" class="LaravelFormItem\Tests\View\Components\SelectTest" classname="LaravelFormItem.Tests.View.Components.SelectTest" file="/home/tu6ge/php/laravel-form-item/tests/View/Components/SelectTest.php" line="86" assertions="1" time="0.001830"/>
        <testcase name="testRender" class="LaravelFormItem\Tests\View\Components\SelectTest" classname="LaravelFormItem.Tests.View.Components.SelectTest" file="/home/tu6ge/php/laravel-form-item/tests/View/Components/SelectTest.php" line="111" assertions="1" time="0.001904"/>
      </testsuite>
      <testsuite name="LaravelFormItem\Tests\View\Components\SliderTest" file="/home/tu6ge/php/laravel-form-item/tests/View/Components/SliderTest.php" tests="1" assertions="1" errors="0" warnings="0" failures="0" skipped="0" time="0.003078">
        <testcase name="testRender" class="LaravelFormItem\Tests\View\Components\SliderTest" classname="LaravelFormItem.Tests.View.Components.SliderTest" file="/home/tu6ge/php/laravel-form-item/tests/View/Components/SliderTest.php" line="10" assertions="1" time="0.003078"/>
      </testsuite>
      <testsuite name="LaravelFormItem\Tests\View\Components\SwitcherTest" file="/home/tu6ge/php/laravel-form-item/tests/View/Components/SwitcherTest.php" tests="1" assertions="1" errors="0" warnings="0" failures="0" skipped="0" time="0.003135">
        <testcase name="testRender" class="LaravelFormItem\Tests\View\Components\SwitcherTest" classname="LaravelFormItem.Tests.View.Components.SwitcherTest" file="/home/tu6ge/php/laravel-form-item/tests/View/Components/SwitcherTest.php" line="10" assertions="1" time="0.003135"/>
      </testsuite>
      <testsuite name="LaravelFormItem\Tests\View\Components\TextTest" file="/home/tu6ge/php/laravel-form-item/tests/View/Components/TextTest.php" tests="1" assertions="1" errors="0" warnings="0" failures="0" skipped="0" time="0.003154">
        <testcase name="testRender" class="LaravelFormItem\Tests\View\Components\TextTest" classname="LaravelFormItem.Tests.View.Components.TextTest" file="/home/tu6ge/php/laravel-form-item/tests/View/Components/TextTest.php" line="10" assertions="1" time="0.003154"/>
      </testsuite>
      <testsuite name="LaravelFormItem\Tests\View\Components\TimeRangeTest" file="/home/tu6ge/php/laravel-form-item/tests/View/Components/TimeRangeTest.php" tests="7" assertions="11" errors="0" warnings="0" failures="0" skipped="0" time="0.014241">
        <testcase name="testName" class="LaravelFormItem\Tests\View\Components\TimeRangeTest" classname="LaravelFormItem.Tests.View.Components.TimeRangeTest" file="/home/tu6ge/php/laravel-form-item/tests/View/Components/TimeRangeTest.php" line="16" assertions="5" time="0.002990"/>
        <testcase name="testId" class="LaravelFormItem\Tests\View\Components\TimeRangeTest" classname="LaravelFormItem.Tests.View.Components.TimeRangeTest" file="/home/tu6ge/php/laravel-form-item/tests/View/Components/TimeRangeTest.php" line="36" assertions="1" time="0.001935"/>
        <testcase name="testValue" class="LaravelFormItem\Tests\View\Components\TimeRangeTest" classname="LaravelFormItem.Tests.View.Components.TimeRangeTest" file="/home/tu6ge/php/laravel-form-item/tests/View/Components/TimeRangeTest.php" line="53" assertions="1" time="0.001971"/>
        <testcase name="testFormat" class="LaravelFormItem\Tests\View\Components\TimeRangeTest" classname="LaravelFormItem.Tests.View.Components.TimeRangeTest" file="/home/tu6ge/php/laravel-form-item/tests/View/Components/TimeRangeTest.php" line="71" assertions="1" time="0.001838"/>
        <testcase name="testPickerOption" class="LaravelFormItem\Tests\View\Components\TimeRangeTest" classname="LaravelFormItem.Tests.View.Components.TimeRangeTest" file="/home/tu6ge/php/laravel-form-item/tests/View/Components/TimeRangeTest.php" line="90" assertions="1" time="0.001785"/>
        <testcase name="testAppendElProp" class="LaravelFormItem\Tests\View\Components\TimeRangeTest" classname="LaravelFormItem.Tests.View.Components.TimeRangeTest" file="/home/tu6ge/php/laravel-form-item/tests/View/Components/TimeRangeTest.php" line="110" assertions="1" time="0.001838"/>
        <testcase name="testRender" class="LaravelFormItem\Tests\View\Components\TimeRangeTest" classname="LaravelFormItem.Tests.View.Components.TimeRangeTest" file="/home/tu6ge/php/laravel-form-item/tests/View/Components/TimeRangeTest.php" line="131" assertions="1" time="0.001884"/>
      </testsuite>
      <testsuite name="LaravelFormItem\Tests\View\Components\TimeSelectTest" file="/home/tu6ge/php/laravel-form-item/tests/View/Components/TimeSelectTest.php" tests="6" assertions="9" errors="0" warnings="0" failures="0" skipped="0" time="0.012343">
        <testcase name="testName" class="LaravelFormItem\Tests\View\Components\TimeSelectTest" classname="LaravelFormItem.Tests.View.Components.TimeSelectTest" file="/home/tu6ge/php/laravel-form-item/tests/View/Components/TimeSelectTest.php" line="16" assertions="4" time="0.003007"/>
        <testcase name="testId" class="LaravelFormItem\Tests\View\Components\TimeSelectTest" classname="LaravelFormItem.Tests.View.Components.TimeSelectTest" file="/home/tu6ge/php/laravel-form-item/tests/View/Components/TimeSelectTest.php" line="35" assertions="1" time="0.001879"/>
        <testcase name="testValue" class="LaravelFormItem\Tests\View\Components\TimeSelectTest" classname="LaravelFormItem.Tests.View.Components.TimeSelectTest" file="/home/tu6ge/php/laravel-form-item/tests/View/Components/TimeSelectTest.php" line="52" assertions="1" time="0.001795"/>
        <testcase name="testPickerOption" class="LaravelFormItem\Tests\View\Components\TimeSelectTest" classname="LaravelFormItem.Tests.View.Components.TimeSelectTest" file="/home/tu6ge/php/laravel-form-item/tests/View/Components/TimeSelectTest.php" line="70" assertions="1" time="0.001803"/>
        <testcase name="testAppendElProp" class="LaravelFormItem\Tests\View\Components\TimeSelectTest" classname="LaravelFormItem.Tests.View.Components.TimeSelectTest" file="/home/tu6ge/php/laravel-form-item/tests/View/Components/TimeSelectTest.php" line="89" assertions="1" time="0.001788"/>
        <testcase name="testRender" class="LaravelFormItem\Tests\View\Components\TimeSelectTest" classname="LaravelFormItem.Tests.View.Components.TimeSelectTest" file="/home/tu6ge/php/laravel-form-item/tests/View/Components/TimeSelectTest.php" line="109" assertions="1" time="0.002071"/>
      </testsuite>
    </testsuite>
  </testsuite>
</testsuites>
